<?xml version="1.0" encoding="UTF-8"?>
<!-- Generated by org.testng.reporters.JUnitReportReporter -->
<testsuite hostname="DESKTOP-NN9GD7G" failures="0" tests="2" name="GroupsDemo.TestGroup1" time="0.008" errors="0" timestamp="2021-11-29T12:20:06 IST" skipped="0">
  <testcase classname="GroupsDemo.TestGroup1" name="Test3" time="0.007"/>
  <system-out/>
  <testcase classname="GroupsDemo.TestGroup1" name="Test4" time="0.001"/>
  <system-out/>
</testsuite> <!-- GroupsDemo.TestGroup1 -->
