<?xml version="1.0" encoding="UTF-8"?>
<!-- Generated by org.testng.reporters.JUnitReportReporter -->
<testsuite hostname="DESKTOP-NN9GD7G" failures="0" tests="3" name="learnTestNG.prioritydemo" time="16.966" errors="0" timestamp="2021-11-26T15:20:03 IST" skipped="0">
  <testcase classname="learnTestNG.prioritydemo" name="startapp" time="6.020"/>
  <system-out/>
  <testcase classname="learnTestNG.prioritydemo" name="loginapp" time="10.019"/>
  <system-out/>
  <testcase classname="learnTestNG.prioritydemo" name="signoff" time="0.927"/>
  <system-out/>
</testsuite> <!-- learnTestNG.prioritydemo -->
