<?xml version="1.0" encoding="UTF-8"?>
<!-- Generated by org.testng.reporters.JUnitReportReporter -->
<testsuite hostname="DESKTOP-NN9GD7G" failures="0" tests="3" name="GroupsDemo.TestGroup2" time="0.003" errors="0" timestamp="2021-11-29T12:20:06 IST" skipped="0">
  <testcase classname="GroupsDemo.TestGroup2" name="Test8" time="0.001"/>
  <system-out/>
  <testcase classname="GroupsDemo.TestGroup2" name="Test6" time="0.001"/>
  <system-out/>
  <testcase classname="GroupsDemo.TestGroup2" name="Test7" time="0.001"/>
  <system-out/>
</testsuite> <!-- GroupsDemo.TestGroup2 -->
