<?xml version="1.0" encoding="UTF-8"?>
<!-- Generated by org.testng.reporters.JUnitReportReporter -->
<testsuite hostname="DESKTOP-NN9GD7G" failures="0" tests="2" name="learnTestNG.DataProviderDemo" time="13.544" errors="0" timestamp="2021-11-29T11:16:13 IST" skipped="0">
  <testcase classname="learnTestNG.DataProviderDemo" name="f" time="9.667"/>
  <system-out/>
  <testcase classname="learnTestNG.DataProviderDemo" name="f" time="3.877"/>
  <system-out/>
</testsuite> <!-- learnTestNG.DataProviderDemo -->
