<?xml version="1.0" encoding="UTF-8"?>
<!-- Generated by org.testng.reporters.JUnitReportReporter -->
<testsuite hostname="DESKTOP-NN9GD7G" failures="0" tests="1" name="learnTestNG.testNGsequence" time="0.008" errors="0" timestamp="2021-11-26T14:49:20 IST" skipped="0">
  <testcase classname="learnTestNG.testNGsequence" name="checktitle" time="0.008"/>
  <system-out/>
</testsuite> <!-- learnTestNG.testNGsequence -->
